<?xml version="1.0" encoding="UTF-8"?>
<testsuite xmlns:xsi="http://www.w3.org/2001/XMLSchema-instance" xsi:noNamespaceSchemaLocation="https://maven.apache.org/surefire/maven-surefire-plugin/xsd/surefire-test-report-3.0.xsd" version="3.0" name="MybatisTest" time="1.212" tests="1" errors="0" skipped="0" failures="0">
  <properties>
    <property name="java.specification.version" value="21"/>
    <property name="sun.cpu.isalist" value="amd64"/>
    <property name="sun.jnu.encoding" value="GBK"/>
    <property name="java.class.path" value="d:\project\vscode_projects\java\spring-web\target\test-classes;d:\project\vscode_projects\java\spring-web\target\classes;D:\evironment\maven\apache-maven-3.9.9\mvn_rsp\junit\junit\4.12\junit-4.12.jar;D:\evironment\maven\apache-maven-3.9.9\mvn_rsp\org\hamcrest\hamcrest-core\1.3\hamcrest-core-1.3.jar;D:\evironment\maven\apache-maven-3.9.9\mvn_rsp\org\mybatis\mybatis\3.5.19\mybatis-3.5.19.jar;D:\evironment\maven\apache-maven-3.9.9\mvn_rsp\org\mybatis\mybatis-spring\2.0.4\mybatis-spring-2.0.4.jar;D:\evironment\maven\apache-maven-3.9.9\mvn_rsp\com\alibaba\druid\1.2.22\druid-1.2.22.jar;D:\evironment\maven\apache-maven-3.9.9\mvn_rsp\com\fasterxml\jackson\core\jackson-databind\2.9.0\jackson-databind-2.9.0.jar;D:\evironment\maven\apache-maven-3.9.9\mvn_rsp\com\fasterxml\jackson\core\jackson-annotations\2.9.0\jackson-annotations-2.9.0.jar;D:\evironment\maven\apache-maven-3.9.9\mvn_rsp\com\fasterxml\jackson\core\jackson-core\2.9.0\jackson-core-2.9.0.jar;D:\evironment\maven\apache-maven-3.9.9\mvn_rsp\mysql\mysql-connector-java\8.0.23\mysql-connector-java-8.0.23.jar;D:\evironment\maven\apache-maven-3.9.9\mvn_rsp\com\google\protobuf\protobuf-java\3.11.4\protobuf-java-3.11.4.jar;D:\evironment\maven\apache-maven-3.9.9\mvn_rsp\jakarta\servlet\jakarta.servlet-api\4.0.4\jakarta.servlet-api-4.0.4.jar;D:\evironment\maven\apache-maven-3.9.9\mvn_rsp\org\springframework\spring-webmvc\5.2.10.RELEASE\spring-webmvc-5.2.10.RELEASE.jar;D:\evironment\maven\apache-maven-3.9.9\mvn_rsp\org\springframework\spring-aop\5.2.10.RELEASE\spring-aop-5.2.10.RELEASE.jar;D:\evironment\maven\apache-maven-3.9.9\mvn_rsp\org\springframework\spring-beans\5.2.10.RELEASE\spring-beans-5.2.10.RELEASE.jar;D:\evironment\maven\apache-maven-3.9.9\mvn_rsp\org\springframework\spring-core\5.2.10.RELEASE\spring-core-5.2.10.RELEASE.jar;D:\evironment\maven\apache-maven-3.9.9\mvn_rsp\org\springframework\spring-jcl\5.2.10.RELEASE\spring-jcl-5.2.10.RELEASE.jar;D:\evironment\maven\apache-maven-3.9.9\mvn_rsp\org\springframework\spring-expression\5.2.10.RELEASE\spring-expression-5.2.10.RELEASE.jar;D:\evironment\maven\apache-maven-3.9.9\mvn_rsp\org\springframework\spring-web\5.2.10.RELEASE\spring-web-5.2.10.RELEASE.jar;D:\evironment\maven\apache-maven-3.9.9\mvn_rsp\org\springframework\spring-context\5.2.10.RELEASE\spring-context-5.2.10.RELEASE.jar;D:\evironment\maven\apache-maven-3.9.9\mvn_rsp\org\springframework\spring-tx\5.2.10.RELEASE\spring-tx-5.2.10.RELEASE.jar;D:\evironment\maven\apache-maven-3.9.9\mvn_rsp\org\springframework\spring-jdbc\5.2.10.RELEASE\spring-jdbc-5.2.10.RELEASE.jar;D:\evironment\maven\apache-maven-3.9.9\mvn_rsp\org\springframework\spring-test\5.2.10.RELEASE\spring-test-5.2.10.RELEASE.jar;"/>
    <property name="java.vm.vendor" value="Oracle Corporation"/>
    <property name="sun.arch.data.model" value="64"/>
    <property name="user.variant" value=""/>
    <property name="java.vendor.url" value="https://java.oracle.com/"/>
    <property name="user.timezone" value="GMT+08:00"/>
    <property name="os.name" value="Windows 11"/>
    <property name="java.vm.specification.version" value="21"/>
    <property name="sun.java.launcher" value="SUN_STANDARD"/>
    <property name="user.country" value="CN"/>
    <property name="sun.boot.library.path" value="D:\evironment\java\jdk-21\bin"/>
    <property name="sun.java.command" value="C:\Users\86152\AppData\Local\Temp\surefire13153091244101182374\surefirebooter-20250222185434488_3.jar C:\Users\86152\AppData\Local\Temp\surefire13153091244101182374 2025-02-22T18-54-34_363-jvmRun1 surefire-20250222185434488_1tmp surefire_0-20250222185434488_2tmp"/>
    <property name="jdk.debug" value="release"/>
    <property name="surefire.test.class.path" value="d:\project\vscode_projects\java\spring-web\target\test-classes;d:\project\vscode_projects\java\spring-web\target\classes;D:\evironment\maven\apache-maven-3.9.9\mvn_rsp\junit\junit\4.12\junit-4.12.jar;D:\evironment\maven\apache-maven-3.9.9\mvn_rsp\org\hamcrest\hamcrest-core\1.3\hamcrest-core-1.3.jar;D:\evironment\maven\apache-maven-3.9.9\mvn_rsp\org\mybatis\mybatis\3.5.19\mybatis-3.5.19.jar;D:\evironment\maven\apache-maven-3.9.9\mvn_rsp\org\mybatis\mybatis-spring\2.0.4\mybatis-spring-2.0.4.jar;D:\evironment\maven\apache-maven-3.9.9\mvn_rsp\com\alibaba\druid\1.2.22\druid-1.2.22.jar;D:\evironment\maven\apache-maven-3.9.9\mvn_rsp\com\fasterxml\jackson\core\jackson-databind\2.9.0\jackson-databind-2.9.0.jar;D:\evironment\maven\apache-maven-3.9.9\mvn_rsp\com\fasterxml\jackson\core\jackson-annotations\2.9.0\jackson-annotations-2.9.0.jar;D:\evironment\maven\apache-maven-3.9.9\mvn_rsp\com\fasterxml\jackson\core\jackson-core\2.9.0\jackson-core-2.9.0.jar;D:\evironment\maven\apache-maven-3.9.9\mvn_rsp\mysql\mysql-connector-java\8.0.23\mysql-connector-java-8.0.23.jar;D:\evironment\maven\apache-maven-3.9.9\mvn_rsp\com\google\protobuf\protobuf-java\3.11.4\protobuf-java-3.11.4.jar;D:\evironment\maven\apache-maven-3.9.9\mvn_rsp\jakarta\servlet\jakarta.servlet-api\4.0.4\jakarta.servlet-api-4.0.4.jar;D:\evironment\maven\apache-maven-3.9.9\mvn_rsp\org\springframework\spring-webmvc\5.2.10.RELEASE\spring-webmvc-5.2.10.RELEASE.jar;D:\evironment\maven\apache-maven-3.9.9\mvn_rsp\org\springframework\spring-aop\5.2.10.RELEASE\spring-aop-5.2.10.RELEASE.jar;D:\evironment\maven\apache-maven-3.9.9\mvn_rsp\org\springframework\spring-beans\5.2.10.RELEASE\spring-beans-5.2.10.RELEASE.jar;D:\evironment\maven\apache-maven-3.9.9\mvn_rsp\org\springframework\spring-core\5.2.10.RELEASE\spring-core-5.2.10.RELEASE.jar;D:\evironment\maven\apache-maven-3.9.9\mvn_rsp\org\springframework\spring-jcl\5.2.10.RELEASE\spring-jcl-5.2.10.RELEASE.jar;D:\evironment\maven\apache-maven-3.9.9\mvn_rsp\org\springframework\spring-expression\5.2.10.RELEASE\spring-expression-5.2.10.RELEASE.jar;D:\evironment\maven\apache-maven-3.9.9\mvn_rsp\org\springframework\spring-web\5.2.10.RELEASE\spring-web-5.2.10.RELEASE.jar;D:\evironment\maven\apache-maven-3.9.9\mvn_rsp\org\springframework\spring-context\5.2.10.RELEASE\spring-context-5.2.10.RELEASE.jar;D:\evironment\maven\apache-maven-3.9.9\mvn_rsp\org\springframework\spring-tx\5.2.10.RELEASE\spring-tx-5.2.10.RELEASE.jar;D:\evironment\maven\apache-maven-3.9.9\mvn_rsp\org\springframework\spring-jdbc\5.2.10.RELEASE\spring-jdbc-5.2.10.RELEASE.jar;D:\evironment\maven\apache-maven-3.9.9\mvn_rsp\org\springframework\spring-test\5.2.10.RELEASE\spring-test-5.2.10.RELEASE.jar;"/>
    <property name="sun.cpu.endian" value="little"/>
    <property name="user.home" value="C:\Users\86152"/>
    <property name="user.language" value="zh"/>
    <property name="java.specification.vendor" value="Oracle Corporation"/>
    <property name="java.version.date" value="2023-10-17"/>
    <property name="java.home" value="D:\evironment\java\jdk-21"/>
    <property name="file.separator" value="\"/>
    <property name="basedir" value="d:\project\vscode_projects\java\spring-web"/>
    <property name="java.vm.compressedOopsMode" value="Zero based"/>
    <property name="line.separator" value="&#10;"/>
    <property name="java.vm.specification.vendor" value="Oracle Corporation"/>
    <property name="java.specification.name" value="Java Platform API Specification"/>
    <property name="surefire.real.class.path" value="C:\Users\86152\AppData\Local\Temp\surefire13153091244101182374\surefirebooter-20250222185434488_3.jar"/>
    <property name="user.script" value=""/>
    <property name="sun.management.compiler" value="HotSpot 64-Bit Tiered Compilers"/>
    <property name="java.runtime.version" value="21.0.1+12-LTS-29"/>
    <property name="user.name" value="86152"/>
    <property name="stdout.encoding" value="GBK"/>
    <property name="path.separator" value=";"/>
    <property name="os.version" value="10.0"/>
    <property name="java.runtime.name" value="Java(TM) SE Runtime Environment"/>
    <property name="file.encoding" value="UTF-8"/>
    <property name="java.vm.name" value="Java HotSpot(TM) 64-Bit Server VM"/>
    <property name="localRepository" value="D:\evironment\maven\apache-maven-3.9.9\mvn_rsp"/>
    <property name="java.vendor.url.bug" value="https://bugreport.java.com/bugreport/"/>
    <property name="java.io.tmpdir" value="C:\Users\86152\AppData\Local\Temp\"/>
    <property name="java.version" value="21.0.1"/>
    <property name="user.dir" value="d:\project\vscode_projects\java\spring-web"/>
    <property name="os.arch" value="amd64"/>
    <property name="java.vm.specification.name" value="Java Virtual Machine Specification"/>
    <property name="sun.os.patch.level" value=""/>
    <property name="native.encoding" value="GBK"/>
    <property name="java.library.path" value="D:\evironment\java\jdk-21\bin;C:\windows\Sun\Java\bin;C:\windows\system32;C:\windows;D:\MyApp\miniconda3;D:\MyApp\miniconda3\Library\mingw-w64\bin;D:\MyApp\miniconda3\Library\usr\bin;D:\MyApp\miniconda3\Library\bin;D:\MyApp\miniconda3\Scripts;D:\MyApp\miniconda3\bin;C:\Program Files (x86)\Common Files\Intel\Shared Libraries\redist\intel64\compiler;C:\Program Files\Common Files\Oracle\Java\javapath;C:\windows\system32;C:\windows;C:\windows\System32\Wbem;C:\windows\System32\WindowsPowerShell\v1.0;C:\windows\System32\OpenSSH;C:\Program Files\Microsoft SQL Server\150\Tools\Binn;D:\evironment\MySQL\MySQL Server 8.0\bin;D:\evironment\mingw\mingw64\bin;D:\evironment\java\jdk-21\bin;D:\MyApp\Matlab\runtime\win64;D:\MyApp\Matlab\bin;D:\MyApp\Xshell;D:\MyApp\Xftp 7;C:\Users\86152\AppData\Local\Programs\Python\Python312;C:\Users\86152\AppData\Local\Programs\Python\Python312\Scripts;C:\Program Files\Microsoft SQL Server\Client SDK\ODBC\170\Tools\Binn;C:\Program Files\dotnet;D:\MyApp\jupyter\bin;D:\MyApp\msys2\mingw64\bin;D:\MyApp\msys2\ucrt64\bin;D:\evironment\risc-v gcc\GNU MCU Eclipse\RISC-V Embedded GCC\8.2.0-2.2-20190521-0004\bin;D:\MyApp\Qt\6.6.3\mingw_64\bin;D:\MyApp\Qt\Tools\mingw1310_64\bin;D:\MyApp\Qt\Tools\CMake_64\bin;D:\MyApp\Qt\6.6.3\mingw_64;D:\MyApp\miniconda3\Scripts;D:\MyApp\miniconda3\condabin;C:\Program Files (x86)\Windows Kits\10\Windows Performance Toolkit;D:\evironment\nodejs\nvm;D:\evironment\nodejs\nodejs;D:\evironment\nodejs\nodejs\node_global;D:\MyApp\Git\cmd;D:\MyApp\Git\bin;C:\Program Files\HP\HP One Agent;D:\MyApp\7zip\7-Zip;D:\evironment\go\bin;D:\evironment\maven\apache-maven-3.9.9\bin;C:\Users\86152\scoop\shims;D:\evironment\python\version\Scripts;D:\evironment\python\version;C:\Users\86152\AppData\Local\Programs\Python\Launcher;C:\Users\86152\AppData\Local\Microsoft\WindowsApps;D:\MyApp\Microsoft VS Code\bin;D:\MyApp\PyCharm Community Edition 2023.3.2\bin;.;C:\Users\86152\.dotnet\tools;C:\Program Files\mitmproxy\bin;D:\MyApp\DevEco Studio\bin;.;D:\evironment\nodejs\nvm;D:\evironment\nodejs\nodejs;C:\Users\86152\go\bin;."/>
    <property name="java.vm.info" value="mixed mode, sharing"/>
    <property name="stderr.encoding" value="GBK"/>
    <property name="java.vendor" value="Oracle Corporation"/>
    <property name="java.vm.version" value="21.0.1+12-LTS-29"/>
    <property name="sun.io.unicode.encoding" value="UnicodeLittle"/>
    <property name="java.class.version" value="65.0"/>
  </properties>
  <testcase name="TestInsertUser" classname="MybatisTest" time="0.602">
    <system-out><![CDATA[true
User{name='Tom', age=25}
]]></system-out>
    <system-err><![CDATA[2月 22, 2025 6:54:35 下午 org.springframework.test.context.support.AbstractTestContextBootstrapper getDefaultTestExecutionListenerClassNames
信息: Loaded default TestExecutionListener class names from location [META-INF/spring.factories]: [org.springframework.test.context.web.ServletTestExecutionListener, org.springframework.test.context.support.DirtiesContextBeforeModesTestExecutionListener, org.springframework.test.context.support.DependencyInjectionTestExecutionListener, org.springframework.test.context.support.DirtiesContextTestExecutionListener, org.springframework.test.context.transaction.TransactionalTestExecutionListener, org.springframework.test.context.jdbc.SqlScriptsTestExecutionListener, org.springframework.test.context.event.EventPublishingTestExecutionListener]
2月 22, 2025 6:54:35 下午 org.springframework.test.context.support.AbstractTestContextBootstrapper getTestExecutionListeners
信息: Using TestExecutionListeners: [org.springframework.test.context.web.ServletTestExecutionListener@7a4ccb53, org.springframework.test.context.support.DirtiesContextBeforeModesTestExecutionListener@309e345f, org.springframework.test.context.support.DependencyInjectionTestExecutionListener@56a6d5a6, org.springframework.test.context.support.DirtiesContextTestExecutionListener@18ce0030, org.springframework.test.context.transaction.TransactionalTestExecutionListener@4445629, org.springframework.test.context.jdbc.SqlScriptsTestExecutionListener@45b9a632, org.springframework.test.context.event.EventPublishingTestExecutionListener@25d250c6]
2月 22, 2025 6:54:35 下午 org.springframework.context.annotation.ConfigurationClassPostProcessor enhanceConfigurationClasses
信息: Cannot enhance @Configuration bean definition 'com.lzu.config.MybatisConfig' since its singleton instance has been created too early. The typical cause is a non-static @Bean method with a BeanDefinitionRegistryPostProcessor return type: Consider declaring such methods as 'static'.
Loading class `com.mysql.jdbc.Driver'. This is deprecated. The new driver class is `com.mysql.cj.jdbc.Driver'. The driver is automatically registered via the SPI and manual loading of the driver class is generally unnecessary.
2月 22, 2025 6:54:35 下午 com.alibaba.druid.support.logging.JakartaCommonsLoggingImpl info
信息: {dataSource-1} inited
]]></system-err>
  </testcase>
</testsuite>